# JRE version: OpenJDK Runtime Environment (8.0_171-b11) (build 1.8.0_171-8u171-b11-0ubuntu0.17.10.1-b11)
# Java VM: OpenJDK 64-Bit Server VM (25.171-b11 mixed mode linux-amd64 compressed oops)
Heap:
 PSYoungGen      total 694272K, used 6649K [0x000000076cf80000, 0x0000000797e00000, 0x00000007c0000000)
  eden space 686080K, 0% used [0x000000076cf80000,0x000000076cf80000,0x0000000796d80000)
  from space 8192K, 81% used [0x0000000796e00000,0x000000079747e6b8,0x0000000797600000)
  to   space 6144K, 0% used [0x0000000797800000,0x0000000797800000,0x0000000797e00000)
 ParOldGen       total 99328K, used 10954K [0x00000006c6e00000, 0x00000006ccf00000, 0x000000076cf80000)
  object space 99328K, 11% used [0x00000006c6e00000,0x00000006c78b2800,0x00000006ccf00000)
 Metaspace       used 29064K, capacity 29460K, committed 29568K, reserved 1075200K
  class space    used 3565K, capacity 3690K, committed 3712K, reserved 1048576K
GC Heap History (10 events):
Event: 5.256 GC heap after
Heap after GC invocations=7 (full 0):
 PSYoungGen      total 262656K, used 4590K [0x000000076cf80000, 0x000000078d580000, 0x00000007c0000000)
  eden space 258048K, 0% used [0x000000076cf80000,0x000000076cf80000,0x000000077cb80000)
  from space 4608K, 99% used [0x000000077cb80000,0x000000077cffb908,0x000000077d000000)
  to   space 7168K, 0% used [0x000000078ce80000,0x000000078ce80000,0x000000078d580000)
 ParOldGen       total 171008K, used 3994K [0x00000006c6e00000, 0x00000006d1500000, 0x000000076cf80000)
  object space 171008K, 2% used [0x00000006c6e00000,0x00000006c71e6b40,0x00000006d1500000)
 Metaspace       used 17471K, capacity 17688K, committed 17792K, reserved 1064960K
  class space    used 2071K, capacity 2154K, committed 2176K, reserved 1048576K
}
Event: 6.265 GC heap before
{Heap before GC invocations=8 (full 0):
 PSYoungGen      total 262656K, used 230513K [0x000000076cf80000, 0x000000078d580000, 0x00000007c0000000)
  eden space 258048K, 87% used [0x000000076cf80000,0x000000077ac20d38,0x000000077cb80000)
  from space 4608K, 99% used [0x000000077cb80000,0x000000077cffb908,0x000000077d000000)
  to   space 7168K, 0% used [0x000000078ce80000,0x000000078ce80000,0x000000078d580000)
 ParOldGen       total 171008K, used 3994K [0x00000006c6e00000, 0x00000006d1500000, 0x000000076cf80000)
  object space 171008K, 2% used [0x00000006c6e00000,0x00000006c71e6b40,0x00000006d1500000)
 Metaspace       used 20924K, capacity 21138K, committed 21248K, reserved 1069056K
  class space    used 2477K, capacity 2533K, committed 2560K, reserved 1048576K
Event: 6.310 GC heap after
Heap after GC invocations=8 (full 0):
 PSYoungGen      total 523264K, used 4838K [0x000000076cf80000, 0x000000078d580000, 0x00000007c0000000)
  eden space 516096K, 0% used [0x000000076cf80000,0x000000076cf80000,0x000000078c780000)
  from space 7168K, 67% used [0x000000078ce80000,0x000000078d339860,0x000000078d580000)
  to   space 7168K, 0% used [0x000000078c780000,0x000000078c780000,0x000000078ce80000)
 ParOldGen       total 171008K, used 4346K [0x00000006c6e00000, 0x00000006d1500000, 0x000000076cf80000)
  object space 171008K, 2% used [0x00000006c6e00000,0x00000006c723eb40,0x00000006d1500000)
 Metaspace       used 20924K, capacity 21138K, committed 21248K, reserved 1069056K
  class space    used 2477K, capacity 2533K, committed 2560K, reserved 1048576K
}
Event: 6.310 GC heap before
{Heap before GC invocations=9 (full 1):
 PSYoungGen      total 523264K, used 4838K [0x000000076cf80000, 0x000000078d580000, 0x00000007c0000000)
  eden space 516096K, 0% used [0x000000076cf80000,0x000000076cf80000,0x000000078c780000)
  from space 7168K, 67% used [0x000000078ce80000,0x000000078d339860,0x000000078d580000)
  to   space 7168K, 0% used [0x000000078c780000,0x000000078c780000,0x000000078ce80000)
 ParOldGen       total 171008K, used 4346K [0x00000006c6e00000, 0x00000006d1500000, 0x000000076cf80000)
  object space 171008K, 2% used [0x00000006c6e00000,0x00000006c723eb40,0x00000006d1500000)
 Metaspace       used 20924K, capacity 21138K, committed 21248K, reserved 1069056K
  class space    used 2477K, capacity 2533K, committed 2560K, reserved 1048576K
Event: 6.409 GC heap after
Heap after GC invocations=9 (full 1):
 PSYoungGen      total 523264K, used 0K [0x000000076cf80000, 0x000000078d580000, 0x00000007c0000000)
  eden space 516096K, 0% used [0x000000076cf80000,0x000000076cf80000,0x000000078c780000)
  from space 7168K, 0% used [0x000000078ce80000,0x000000078ce80000,0x000000078d580000)
  to   space 7168K, 0% used [0x000000078c780000,0x000000078c780000,0x000000078ce80000)
 ParOldGen       total 99328K, used 6853K [0x00000006c6e00000, 0x00000006ccf00000, 0x000000076cf80000)
  object space 99328K, 6% used [0x00000006c6e00000,0x00000006c74b17c0,0x00000006ccf00000)
 Metaspace       used 20924K, capacity 21138K, committed 21248K, reserved 1069056K
  class space    used 2477K, capacity 2533K, committed 2560K, reserved 1048576K
}
Event: 9.090 GC heap before
{Heap before GC invocations=10 (full 1):
 PSYoungGen      total 523264K, used 516096K [0x000000076cf80000, 0x000000078d580000, 0x00000007c0000000)
  eden space 516096K, 100% used [0x000000076cf80000,0x000000078c780000,0x000000078c780000)
  from space 7168K, 0% used [0x000000078ce80000,0x000000078ce80000,0x000000078d580000)
  to   space 7168K, 0% used [0x000000078c780000,0x000000078c780000,0x000000078ce80000)
 ParOldGen       total 99328K, used 6853K [0x00000006c6e00000, 0x00000006ccf00000, 0x000000076cf80000)
  object space 99328K, 6% used [0x00000006c6e00000,0x00000006c74b17c0,0x00000006ccf00000)
 Metaspace       used 24372K, capacity 24700K, committed 24832K, reserved 1071104K
  class space    used 2944K, capacity 3062K, committed 3072K, reserved 1048576K
Event: 9.106 GC heap after
Heap after GC invocations=10 (full 1):
 PSYoungGen      total 523264K, used 5533K [0x000000076cf80000, 0x0000000797f80000, 0x00000007c0000000)
  eden space 516096K, 0% used [0x000000076cf80000,0x000000076cf80000,0x000000078c780000)
  from space 7168K, 77% used [0x000000078c780000,0x000000078cce77b0,0x000000078ce80000)
  to   space 7680K, 0% used [0x0000000797800000,0x0000000797800000,0x0000000797f80000)
 ParOldGen       total 99328K, used 6861K [0x00000006c6e00000, 0x00000006ccf00000, 0x000000076cf80000)
  object space 99328K, 6% used [0x00000006c6e00000,0x00000006c74b37c0,0x00000006ccf00000)
 Metaspace       used 24372K, capacity 24700K, committed 24832K, reserved 1071104K
  class space    used 2944K, capacity 3062K, committed 3072K, reserved 1048576K
}
Event: 10.382 GC heap before
{Heap before GC invocations=11 (full 1):
 PSYoungGen      total 523264K, used 521629K [0x000000076cf80000, 0x0000000797f80000, 0x00000007c0000000)
  eden space 516096K, 100% used [0x000000076cf80000,0x000000078c780000,0x000000078c780000)
  from space 7168K, 77% used [0x000000078c780000,0x000000078cce77b0,0x000000078ce80000)
  to   space 7680K, 0% used [0x0000000797800000,0x0000000797800000,0x0000000797f80000)
 ParOldGen       total 99328K, used 6861K [0x00000006c6e00000, 0x00000006ccf00000, 0x000000076cf80000)
  object space 99328K, 6% used [0x00000006c6e00000,0x00000006c74b37c0,0x00000006ccf00000)
 Metaspace       used 25477K, capacity 25894K, committed 25984K, reserved 1073152K
  class space    used 3091K, capacity 3197K, committed 3200K, reserved 1048576K
Event: 10.403 GC heap after
Heap after GC invocations=11 (full 1):
 PSYoungGen      total 692224K, used 6031K [0x000000076cf80000, 0x0000000797e00000, 0x00000007c0000000)
  eden space 686080K, 0% used [0x000000076cf80000,0x000000076cf80000,0x0000000796d80000)
  from space 6144K, 98% used [0x0000000797800000,0x0000000797de3fc8,0x0000000797e00000)
  to   space 8192K, 0% used [0x0000000796e00000,0x0000000796e00000,0x0000000797600000)
 ParOldGen       total 99328K, used 6869K [0x00000006c6e00000, 0x00000006ccf00000, 0x000000076cf80000)
  object space 99328K, 6% used [0x00000006c6e00000,0x00000006c74b57c0,0x00000006ccf00000)
 Metaspace       used 25477K, capacity 25894K, committed 25984K, reserved 1073152K
  class space    used 3091K, capacity 3197K, committed 3200K, reserved 1048576K
}
Event: 13.916 GC heap before
{Heap before GC invocations=12 (full 1):
 PSYoungGen      total 692224K, used 692111K [0x000000076cf80000, 0x0000000797e00000, 0x00000007c0000000)
  eden space 686080K, 100% used [0x000000076cf80000,0x0000000796d80000,0x0000000796d80000)
  from space 6144K, 98% used [0x0000000797800000,0x0000000797de3fc8,0x0000000797e00000)
  to   space 8192K, 0% used [0x0000000796e00000,0x0000000796e00000,0x0000000797600000)
 ParOldGen       total 99328K, used 6869K [0x00000006c6e00000, 0x00000006ccf00000, 0x000000076cf80000)
  object space 99328K, 6% used [0x00000006c6e00000,0x00000006c74b57c0,0x00000006ccf00000)
 Metaspace       used 29064K, capacity 29460K, committed 29568K, reserved 1075200K
  class space    used 3565K, capacity 3690K, committed 3712K, reserved 1048576K

