# JRE version: OpenJDK Runtime Environment (8.0_171-b11) (build 1.8.0_171-8u171-b11-0ubuntu0.17.10.1-b11)
# Java VM: OpenJDK 64-Bit Server VM (25.171-b11 mixed mode linux-amd64 compressed oops)
Heap:
 PSYoungGen      total 945152K, used 1239K [0x000000076cf80000, 0x00000007a7a00000, 0x00000007c0000000)
  eden space 933888K, 0% used [0x000000076cf80000,0x000000076cf80000,0x00000007a5f80000)
  from space 11264K, 11% used [0x00000007a5f80000,0x00000007a60b5fd8,0x00000007a6a80000)
  to   space 8192K, 0% used [0x00000007a6a80000,0x00000007a6a80000,0x00000007a7280000)
 ParOldGen       total 96256K, used 24409K [0x00000006c6e00000, 0x00000006ccc00000, 0x000000076cf80000)
  object space 96256K, 25% used [0x00000006c6e00000,0x00000006c85d64f0,0x00000006ccc00000)
 Metaspace       used 34842K, capacity 35275K, committed 35496K, reserved 1081344K
  class space    used 4213K, capacity 4334K, committed 4400K, reserved 1048576K
GC Heap History (10 events):
Event: 7.538 GC heap after
Heap after GC invocations=9 (full 1):
 PSYoungGen      total 522240K, used 0K [0x000000076cf80000, 0x000000078d480000, 0x00000007c0000000)
  eden space 515072K, 0% used [0x000000076cf80000,0x000000076cf80000,0x000000078c680000)
  from space 7168K, 0% used [0x000000078cd80000,0x000000078cd80000,0x000000078d480000)
  to   space 7168K, 0% used [0x000000078c680000,0x000000078c680000,0x000000078cd80000)
 ParOldGen       total 96256K, used 6722K [0x00000006c6e00000, 0x00000006ccc00000, 0x000000076cf80000)
  object space 96256K, 6% used [0x00000006c6e00000,0x00000006c74908e0,0x00000006ccc00000)
 Metaspace       used 20980K, capacity 21273K, committed 21296K, reserved 1069056K
  class space    used 2491K, capacity 2585K, committed 2608K, reserved 1048576K
}
Event: 10.648 GC heap before
{Heap before GC invocations=10 (full 1):
 PSYoungGen      total 522240K, used 515072K [0x000000076cf80000, 0x000000078d480000, 0x00000007c0000000)
  eden space 515072K, 100% used [0x000000076cf80000,0x000000078c680000,0x000000078c680000)
  from space 7168K, 0% used [0x000000078cd80000,0x000000078cd80000,0x000000078d480000)
  to   space 7168K, 0% used [0x000000078c680000,0x000000078c680000,0x000000078cd80000)
 ParOldGen       total 96256K, used 6724K [0x00000006c6e00000, 0x00000006ccc00000, 0x000000076cf80000)
  object space 96256K, 6% used [0x00000006c6e00000,0x00000006c7491270,0x00000006ccc00000)
 Metaspace       used 24278K, capacity 24661K, committed 24880K, reserved 1071104K
  class space    used 2930K, capacity 3061K, committed 3120K, reserved 1048576K
Event: 10.663 GC heap after
Heap after GC invocations=10 (full 1):
 PSYoungGen      total 522240K, used 5082K [0x000000076cf80000, 0x0000000798980000, 0x00000007c0000000)
  eden space 515072K, 0% used [0x000000076cf80000,0x000000076cf80000,0x000000078c680000)
  from space 7168K, 70% used [0x000000078c680000,0x000000078cb76b00,0x000000078cd80000)
  to   space 7168K, 0% used [0x0000000798280000,0x0000000798280000,0x0000000798980000)
 ParOldGen       total 96256K, used 6732K [0x00000006c6e00000, 0x00000006ccc00000, 0x000000076cf80000)
  object space 96256K, 6% used [0x00000006c6e00000,0x00000006c7493270,0x00000006ccc00000)
 Metaspace       used 24278K, capacity 24661K, committed 24880K, reserved 1071104K
  class space    used 2930K, capacity 3061K, committed 3120K, reserved 1048576K
}
Event: 12.237 GC heap before
{Heap before GC invocations=11 (full 1):
 PSYoungGen      total 522240K, used 520154K [0x000000076cf80000, 0x0000000798980000, 0x00000007c0000000)
  eden space 515072K, 100% used [0x000000076cf80000,0x000000078c680000,0x000000078c680000)
  from space 7168K, 70% used [0x000000078c680000,0x000000078cb76b00,0x000000078cd80000)
  to   space 7168K, 0% used [0x0000000798280000,0x0000000798280000,0x0000000798980000)
 ParOldGen       total 96256K, used 6732K [0x00000006c6e00000, 0x00000006ccc00000, 0x000000076cf80000)
  object space 96256K, 6% used [0x00000006c6e00000,0x00000006c7493270,0x00000006ccc00000)
 Metaspace       used 25438K, capacity 25797K, committed 26032K, reserved 1073152K
  class space    used 3086K, capacity 3197K, committed 3248K, reserved 1048576K
Event: 12.260 GC heap after
Heap after GC invocations=11 (full 1):
 PSYoungGen      total 707072K, used 6145K [0x000000076cf80000, 0x0000000798e00000, 0x00000007c0000000)
  eden space 699904K, 0% used [0x000000076cf80000,0x000000076cf80000,0x0000000797b00000)
  from space 7168K, 85% used [0x0000000798280000,0x00000007988806a8,0x0000000798980000)
  to   space 7680K, 0% used [0x0000000797b00000,0x0000000797b00000,0x0000000798280000)
 ParOldGen       total 96256K, used 6740K [0x00000006c6e00000, 0x00000006ccc00000, 0x000000076cf80000)
  object space 96256K, 7% used [0x00000006c6e00000,0x00000006c7495270,0x00000006ccc00000)
 Metaspace       used 25438K, capacity 25797K, committed 26032K, reserved 1073152K
  class space    used 3086K, capacity 3197K, committed 3248K, reserved 1048576K
}
Event: 16.845 GC heap before
{Heap before GC invocations=12 (full 1):
 PSYoungGen      total 707072K, used 706049K [0x000000076cf80000, 0x0000000798e00000, 0x00000007c0000000)
  eden space 699904K, 100% used [0x000000076cf80000,0x0000000797b00000,0x0000000797b00000)
  from space 7168K, 85% used [0x0000000798280000,0x00000007988806a8,0x0000000798980000)
  to   space 7680K, 0% used [0x0000000797b00000,0x0000000797b00000,0x0000000798280000)
 ParOldGen       total 96256K, used 6740K [0x00000006c6e00000, 0x00000006ccc00000, 0x000000076cf80000)
  object space 96256K, 7% used [0x00000006c6e00000,0x00000006c7495270,0x00000006ccc00000)
 Metaspace       used 28985K, capacity 29395K, committed 29616K, reserved 1075200K
  class space    used 3549K, capacity 3658K, committed 3760K, reserved 1048576K
Event: 16.863 GC heap after
Heap after GC invocations=12 (full 1):
 PSYoungGen      total 707584K, used 6603K [0x000000076cf80000, 0x00000007a7280000, 0x00000007c0000000)
  eden space 699904K, 0% used [0x000000076cf80000,0x000000076cf80000,0x0000000797b00000)
  from space 7680K, 85% used [0x0000000797b00000,0x0000000798172e28,0x0000000798280000)
  to   space 8192K, 0% used [0x00000007a6a80000,0x00000007a6a80000,0x00000007a7280000)
 ParOldGen       total 96256K, used 10716K [0x00000006c6e00000, 0x00000006ccc00000, 0x000000076cf80000)
  object space 96256K, 11% used [0x00000006c6e00000,0x00000006c78772c0,0x00000006ccc00000)
 Metaspace       used 28985K, capacity 29395K, committed 29616K, reserved 1075200K
  class space    used 3549K, capacity 3658K, committed 3760K, reserved 1048576K
}
Event: 20.890 GC heap before
{Heap before GC invocations=13 (full 1):
 PSYoungGen      total 707584K, used 706507K [0x000000076cf80000, 0x00000007a7280000, 0x00000007c0000000)
  eden space 699904K, 100% used [0x000000076cf80000,0x0000000797b00000,0x0000000797b00000)
  from space 7680K, 85% used [0x0000000797b00000,0x0000000798172e28,0x0000000798280000)
  to   space 8192K, 0% used [0x00000007a6a80000,0x00000007a6a80000,0x00000007a7280000)
 ParOldGen       total 96256K, used 10716K [0x00000006c6e00000, 0x00000006ccc00000, 0x000000076cf80000)
  object space 96256K, 11% used [0x00000006c6e00000,0x00000006c78772c0,0x00000006ccc00000)
 Metaspace       used 33612K, capacity 34091K, committed 34224K, reserved 1079296K
  class space    used 4108K, capacity 4238K, committed 4272K, reserved 1048576K
Event: 20.937 GC heap after
Heap after GC invocations=13 (full 1):
 PSYoungGen      total 942080K, used 8184K [0x000000076cf80000, 0x00000007a7a00000, 0x00000007c0000000)
  eden space 933888K, 0% used [0x000000076cf80000,0x000000076cf80000,0x00000007a5f80000)
  from space 8192K, 99% used [0x00000007a6a80000,0x00000007a727e2c0,0x00000007a7280000)
  to   space 11264K, 0% used [0x00000007a5f80000,0x00000007a5f80000,0x00000007a6a80000)
 ParOldGen       total 96256K, used 16587K [0x00000006c6e00000, 0x00000006ccc00000, 0x000000076cf80000)
  object space 96256K, 17% used [0x00000006c6e00000,0x00000006c7e32f78,0x00000006ccc00000)
 Metaspace       used 33612K, capacity 34091K, committed 34224K, reserved 1079296K
  class space    used 4108K, capacity 4238K, committed 4272K, reserved 1048576K
}
Event: 21.760 GC heap before
{Heap before GC invocations=14 (full 1):
 PSYoungGen      total 942080K, used 50721K [0x000000076cf80000, 0x00000007a7a00000, 0x00000007c0000000)
  eden space 933888K, 4% used [0x000000076cf80000,0x000000076f90a248,0x00000007a5f80000)
  from space 8192K, 99% used [0x00000007a6a80000,0x00000007a727e2c0,0x00000007a7280000)
  to   space 11264K, 0% used [0x00000007a5f80000,0x00000007a5f80000,0x00000007a6a80000)
 ParOldGen       total 96256K, used 16587K [0x00000006c6e00000, 0x00000006ccc00000, 0x000000076cf80000)
  object space 96256K, 17% used [0x00000006c6e00000,0x00000006c7e32f78,0x00000006ccc00000)
 Metaspace       used 34842K, capacity 35275K, committed 35496K, reserved 1081344K
  class space    used 4213K, capacity 4334K, committed 4400K, reserved 1048576K

